"O=C(C)O","# Acetic acid",
"[O-]C(=O)C","# Acetic acid",
"O=C(Oc1ccccc1C(=O)O)C","# 2-Acetoxybenzoic acid*",
"O=C(O)C12CC3CC(C1)CC(C2)C3","# Adamantanecarboxylic acid",
"O=C(O)CCCCC(=O)O","# Adipic acid",
"O=C(O)c1ccc(cc1O)N","# 4-Aminosalicylic acid*",
"OCC(O)C(OC1=O)C(O)=C1O","# Ascorbic acid",
"O=C(O)CC(N)C(=O)O","# Aspartic acid*",
"O=C(O)CCCCCCCC(=O)O","# Azelaic acid*",
"O=S(=O)(O)c1ccccc1","# Benzenesulfonic acid",
"[O-]S(=O)(=O)c1ccccc1","# Benzenesulfonic acid",
"O=C(O)c1ccccc1","# Benzoic acid",
"[O-]C(=O)c1ccccc1","# Benzoic acid",
"[O-]C(=O)C(C)C","# Butyric acid",
"O=C([O-])O","# Carbonate",
"OC(=O)O","# Carbonate",
"[O-]C([O-])=O","# Carbonate",
"O=C(O)\C=C\c1ccccc1","# Cinnamic acid*",
"O=C(O)CC(O)(C(=O)O)CC(=O)O","# Citric acid",
"O=C(O)C1CCCCC1","# Cyclohexancarboxylic acid* ",
"O=C(O)CCCCCCCCC","# Decanoic acid*",
"O=C(O)CCCCCCCCCCC","# Dodecanoic acid*",
"O=S(=O)(OCCCCCCCCCCCC)O","# Dodecylsulfuric acid*",
"O=S(=O)(O)CCS(O)(=O)=O","# Ethane-1,2-disulfonic acid*",
"CCOS([O-])(=O)=O","# Ethylsulfuric acid",
"CCOS(=O)(=O)O","# Ethylsulfuric acid",
"CCO[S+]([O-])([O-])=O","# Ethylsulfuric acid",
"O=C[O-]","# Formic acid",
"OC=O","# Formic acid",
"O=C(O)/C=C/C(=O)O","# Fumaric acid",
"[O-]C(=O)/C=C/C(=O)O","# Fumaric acid",
"[O-]C(=O)/C=C/C([O-])=O","# Fumaric acid",
"[O-]C(=O)[C@H](O)[C@H](O)[C@H](O)[C@@H](O)CO","# Gluconic acid",
"[O-]C(=O)[C@H](O)[C@@H](O)[C@@H](O)[C@H](O)CO","# Gluconic acid",
"O=C(O)CCC(N)C(=O)O","# Glutamic acid*",
"O=C(O)CO","# Glycolic acid ",
"F","# Halogens",
"[F-]","# Halogens",
"Cl","# Halogens",
"[Cl-]","# Halogens",
"Br","# Halogens",
"[Br-]","# Halogens",
"I","# Halogens",
"[I-]","# Halogens",
"O=S(=O)(O)CCO","# 2-Hydroxyethanesulfonic acid",
"OC(=O)\C=C(\O)C(O)=O","# Hydroxymaleic acid*",
"[O-]C(=O)c1ccncc1","# Isonicotinic acid",
"O=C(O)C(C)O","# Lactic acid",
"[O-]C(=O)[C@H](C)O","# Lactic acid",
"[O-]C(=O)[C@@H](C)O","# Lactic acid",
"O=C(O)/C=C\C(=O)O","# Maleic acid",
"[O-]C(=O)CC(O)C(=O)O","# Malic acid",
"[O-]C(=O)C(O)CC(=O)O","# Malic acid",
"O=C(O)[C@@H](O)CC(=O)O","# Malic acid",
"[O-]C(=O)CC(=O)O","# Malonic acid",
"O=C(O)CC(=O)O","# Malonic acid",
"O=C(O)C(O)c1ccccc1","# Mandelic acid*",
"Cc1c(S(=O)(=O)O)c(C)cc(C)c1","# Mesitylenesulfonic acid",
"CS(=O)(=O)O","# Methansulfonic acid",
"C[S-](=O)(=O)=O","# Methansulfonic acid",
"CS([O-])(=O)=O","# Methansulfonic acid",
"O=S(=O)(O)c1ccccc1C","# 2-Methylbenzenesulfonic",
"O=S(=O)(O)c1cccc(c1)C","# 3-Methylbenzenesulfonic acid*",
"O=C(O)\C=C(/C(=O)O)C","# Methylmaleic acid*",
"COS([O-])(=O)=O","# Methylsulfuric acid",
"COS(=O)(=O)O","# Methylsulfuric acid",
"O=S(=O)(O)c1cccc2c1cccc2S(=O)(=O)O","# 1,5-Naphthalene-disulfonic acid*",
"c1cccc(c12)ccc(c2)S([O-])(=O)=O","# 2-Naphthalenesulfonic acid",
"O=S(=O)(O)NC1CCCCC1","# N-cyclohexylsulfamic acid*",
"O=S(=O)(O)NCC","# N-ethylsulfamic acid*",
"[O-]C(=O)c1cccnc1","# Nicotinic acid*",
"O=C(O)c1cccnc1","# Nicotinic acid*",
"O=[N+]([O-])O","# Nitrate",
"O=N(=O)O","# Nitrate",
"[O-][N+]([O-])=O","# Nitrate",
"O=N([O-])=O","# Nitrate",
"O=S(=O)(O)NC","# N-methylsulfamic acid*",
"O=C(O)c2ccccc2Oc1ccccc1","# 2-Phenoxybenzoic acid*",
"iCCCNS(O)(=O)=O","# N-propylsulfamic acid*",
"O=C(O)CCCCCCC","# Octanoic acid",
"[O-]C(=O)c1cc(=O)[nH]c(=O)[nH]1","# Orotic acid",
"O=C(O)c1cc(=O)[nH]c(=O)[nH]1","# Orotic acid",
"O=C1CC(C(=O)O)NC(=O)N1","# Orotic acid",
"O=C(O)C(=O)O","# Oxalic acid",
"[O-]C(=O)C(=O)O","# Oxalic acid",
"[O-]C(=O)C([O-])=O","# Oxalic acid",
"O=C(O)C(=O)CCC(=O)O","# Oxoglutaric acid",
"[O-][Cl](=O)(=O)=O","# Perchlorate",
"O=[Cl](=O)(=O)O","# Perchlorate",
"O=[Cl-](=O)(=O)=O","# Perchlorate",
"O=C(O)Cc1ccccc1","# Phenylacetic acid",
"O=P(O)(O)O","# Phosphate",
"O=[P-](O)(O)O","# Phosphate",
"[O-]P(=O)(O)O","# Phosphate",
"O=[P](=O)(=O)O","# Phosphate",
"[O-]P([O-])(=O)O","# Phosphate",
"[O-][N+](=O)c(c1O)cc([N+]([O-])=O)cc1[N+]([O-])=O","# Picric acid",
"[O-]c1c([N+]([O-])=O)cc([N+]([O-])=O)cc1[N+]([O-])=O","# Picric acid",
"O=C(O)CCCCCC(=O)O","# Pimelic acid*",
"O=C(O)CC","# Propionic acid*",
"O=C(O)c1ccccc1C(=O)O","# Phthalic acid*",
"O=C(O)C(N1)CCC1=O","# Pyroglutamic acid",
"O=C(O)[C@@H](N1)CCC1=O","# Pyroglutamic acid",
"O=C(O)c1c(O)cccc1","# Salicylic acid",
"[O-]C(=O)c1c(O)cccc1","# Salicylic acid",
"O=C(O)CCCCCCC(=O)O","# Suberic acid*",
"O=C(O)CCC(=O)O","# Succinic acid",
"[O-]C(=O)CCC(=O)O","# Succinic acid",
"O=S(=O)(O)N","# Sulfamic acid*",
"Nc1ccc(cc1)S(=O)(=O)O","# Sulfanilic acid",
"O=S(=O)(O)O","# Sulfuric acid",
"[O-]S(=O)(=O)O","# Sulfuric acid",
"[O-]S([O-])(=O)=O","# Sulfuric acid",
"O=[S-2](=O)(=O)=O","# Sulfuric acid",
"[O-][S](=O)(=O)=O","# Sulfuric acid",
"[O-][S+](=O)(O)O","# Sulfuric acid",
"[O-][S+]([O-])([O-])=O","# Sulfuric acid",
"[O-][S+]([O-])(=O)O","# Sulfuric acid",
"[O-]C(=O)C(O)C(O)C(=O)O","# Tartaric acid",
"O=C(O)C(O)C(O)C(=O)O","# Tartaric acid",
"O=C(O)[C@H](O)[C@@H](O)C(=O)O","# Tartaric acid",
"O=C(O)[C@@H](O)[C@H](O)C(=O)O","# Tartaric acid",
"O=C(O)[C@@H](O)[C@@H](O)C(=O)O","# Tartaric acid",
"[O-]C(=O)[C@H](O)[C@@H](O)C(=O)O","# Tartaric acid",
"F[B-](F)(F)F","# Tetrafluroborate",
"Cc1ccc(cc1)S(=O)(=O)O","# p-toluenesulfonic acid",
"Cc1ccc(S([O-])(=O)=O)cc1","# p-toluenesulfonic acid",
"Cc1ccc([S+]([O-])([O-])=O)cc1","# p-toluenesulfonic acid",
"O=C(C(F)(F)F)O","# TFA",
"[O-]C(=O)C(F)(F)F","# TFA",
"SC#N","# Thiocyanate",
"S=C=[N-]","# Thiocyanate",
"[S-]C#N","# Thiocyanate",
"[NH4+]","# Ammonia",
"N","# Ammonia",
"O=C(O)C(N)CCCNC(=N)N","# Arginine",
"NC1CC1","# Cyclopropylamine",
"NCCCN","# Diaminopropane",
"N1(C)CCN(C)CC1","# N.N'-dimethylpiperazine",
"C1CCCCC1NC2CCCCC2","# Dicyclohexylamine",
"NCCN","# Ethylenediamine",
"[Li+]","# Elements",
"[LiH]","# Elements",
"[Na+]","# Elements",
"[NaH]","# Elements",
"[Mg+2]","# Elements",
"[MgH+]","# Elements",
"[MgH2]","# Elements",
"[Al+3]","# Elements",
"[Al]","# Elements",
"[Al-]","# Elements",
"[SiH6+2]","# Elements",
"[K+]","# Elements",
"[KH]","# Elements",
"[KH2-]","# Elements",
"[Ca+2]","# Elements",
"[CaH+]","# Elements",
"[CaH2]","# Elements",
"[Sc+3]","# Elements",
"[Sc]","# Elements",
"[Ti+2]","# Elements",
"[Ti]","# Elements",
"[V]","# Elements",
"[Cr]","# Elements",
"[Cr+3]","# Elements",
"[Mn+2]","# Elements",
"[Mn]","# Elements",
"[Fe]","# Elements",
"[Fe+2]","# Elements",
"[Fe+3]","# Elements",
"[Fe+]","# Elements",
"[Co+2]","# Elements",
"[Co+3]","# Elements",
"[Co]","# Elements",
"[Ni+2]","# Elements",
"[Ni]","# Elements",
"[Cu+2]","# Elements",
"[Cu+]","# Elements",
"[Cu]","# Elements",
"[Zn+2]","# Elements",
"[ZnH2]","# Elements",
"[Ga]","# Elements",
"[Ga+3]","# Elements",
"[AsH6+3]","# Elements",
"[Rb+]","# Elements",
"[Rb]","# Elements",
"[Sr+2]","# Elements",
"[Y]","# Elements",
"[Y+3]","# Elements",
"[Zr+2]","# Elements",
"[Zr]","# Elements",
"[Mo]","# Elements",
"[RuH+]","# Elements",
"[RuH2+2]","# Elements",
"[Ru+2]","# Elements",
"[Ru]","# Elements",
"[Rh+]","# Elements",
"[Rh]","# Elements",
"[RhH]","# Elements",
"[PdH4]","# Elements",
"[PdH2+2]","# Elements",
"[Ag+]","# Elements",
"[Ag-]","# Elements",
"[Ag]","# Elements",
"[Cd+2]","# Elements",
"[CdH2]","# Elements",
"[In]","# Elements",
"[In+3]","# Elements",
"[SnH4]","# Elements",
"[SnH2+2]","# Elements",
"[Sb+3]","# Elements",
"[Cs+]","# Elements",
"[Cs]","# Elements",
"[Ba+2]","# Elements",
"[Ba]","# Elements",
"[La]","# Elements",
"[La+3]","# Elements",
"[Ce+3]","# Elements",
"[Ce]","# Elements",
"[Pr+3]","# Elements",
"[Pr]","# Elements",
"[Nd]","# Elements",
"[Nd+3]","# Elements",
"[Sm+3]","# Elements",
"[Sm]","# Elements",
"[Eu+3]","# Elements",
"[Eu]","# Elements",
"[Gd]","# Elements",
"[Gd+3]","# Elements",
"[Tb+3]","# Elements",
"[Tb]","# Elements",
"[Dy+3]","# Elements",
"[Dy]","# Elements",
"[Ho]","# Elements",
"[Ho+3]","# Elements",
"[Er+3]","# Elements",
"[Er]","# Elements",
"[Tm+3]","# Elements",
"[Tm]","# Elements",
"[Yb+3]","# Elements",
"[Lu]","# Elements",
"[Lu+3]","# Elements",
"[Ta]","# Elements",
"[W]","# Elements",
"[Ir+]","# Elements",
"[PtH4]","# Elements ",
"[PtH2+2]","# Elements ",
"[Au+]","# Elements ",
"[Hg+2]","# Elements ",
"[HgH2]","# Elements ",
"[HgH+]","# Elements ",
"[Tl+]","# Elements ",
"[Tl]","# Elements ",
"[PbH4]","# Elements ",
"[PbH2+2]","# Elements ",
"[Bi+3]","# Elements ",
"[BiH3]","# Elements ",
"N1(CC)CCCCC1","# N-ethylpiperidine*",
"O=C(O)C(N)CCCCN","# Lysine",
"CC[N+](CC)(CC)CC","# TEA",
"CC(=O)C","# Acetone",
"N#CC","# Acetonitrile*",
"[NH3+]c1ccccc1","# Aniline",
"c1ccccc1","# Benzene",
"OCCCC","# 1-butanol*",
"OC(C)CC","# 2-butanol*",
"O=C(C)CC","# 2-butanone*",
"OC(C)(C)C","# t-butyl alcohol*",
"N#Cc1ccccc1","# Benzonitrile",
"OCCCCO","# 1,4-Butanediol",
"ClC(Cl)(Cl)Cl","# Carbon tetrachloride*",
"Clc1ccccc1","# Chlorobenzene*",
"ClC(Cl)Cl","# Chloroform*",
"C1CCCCC1","# Cyclohexane",
"ClCCCl","# 1,2-dichloroethane*",
"NC1CCCCC1","# Cyclohexylamine",
"[NH3+]C1CCCCC1","# Cyclohexylamine",
"CC(=O)N(C)C","# Dimethylacetamide",
"O=CN(C)C","# Dimethylformamide",
"CCOCC","# Diethylether",
"COCCOCCOC","# Diglyme*",
"COCCOC","# DME*",
"O(C)C","# Dimethylether*",
"O=CN(C)C","# DMF*",
"C1COCCO1","# 1,4-Dioxane",
"CS(=O)C","# DMSO",
"OCC","# Ethanol",
"OCCO","# Ethylene glycol*",
"OCC(O)CO","# Glycerin*",
"CCCCCCC","# Heptane",
"O=P(N(C)C)(N(C)C)N(C)C","# HMPA*",
"N(P(N(C)C)N(C)C)(C)C","# HMPT*",
"CCCCCC","# Hexane*",
"NCCO","# MEA",
"[NH3+]CCO","# MEA",
"CO","# Methanol",
"ClCCl","# Methylene Chloride*",
"CN1CCOCC1","# N-Methylmorpholine",
"C[NH+]1CCOCC1","# N-Methylmorpholine",
"C1COCCN1","# Morpholine",
"C1COCC[NH2+]1","# Morpholine",
"O(C(C)(C)C)C","# MTBE*",
"[O-][N+](=O)C","# Nitromethane*",
"O=C1N(C)CCC1","# NMP*",
"CCCCC","# Pentane*",
"Cc1ccncc1","# 4-Picoline",
"C1CNCCN1","# Piperazine ",
"C1CC[NH2+]CC1","# Piperidine",
"C1CCNCC1","# Piperidine",
"OCCCO","# 1,3-Propanediol",
"CCCO","# 1-Propanol",
"CC(C)O","# 2-Propanol",
"c1cc[nH+]cc1","# Pyridine",
"c1ccncc1","# Pyridine",
"C1CCOC1","# THF",
"Cc1ccccc1","# Toluene",
"CCN(CC)CC","# Triethylamine",
"CC[NH+](CC)CC","# Triethylamine",
"O","# Water",
"[OH-]","# Water",
"Cc1c(C)cccc1","# Xylene (ortho)",
"Cc1cc(C)ccc1","# Xylene (meta)",
"Cc1ccc(C)cc1","# Xylene (para)",
"[H][H]","# misc",
"[H+]","# misc",
