2013-07-27 08:57:08,361 INFO  [AndroMDA] - discovering namespaces -
2013-07-27 08:57:08,529 INFO  [AndroMDA] found namespace --> 'emf-uml22'
2013-07-27 08:57:08,530 INFO  [AndroMDA]   +  registering component 'repository'
2013-07-27 08:57:08,556 INFO  [AndroMDA]   +  registering component 'metafacades'
2013-07-27 08:57:08,656 INFO  [AndroMDA]   +  registering component 'profile'
2013-07-27 08:57:08,670 INFO  [AndroMDA] found namespace --> 'hibernate'
2013-07-27 08:57:08,670 INFO  [AndroMDA]   +  registering component 'cartridge'
2013-07-27 08:57:08,726 INFO  [AndroMDA]   +  registering component 'metafacades'
2013-07-27 08:57:08,754 INFO  [AndroMDA]   +  registering component 'profile'
2013-07-27 08:57:08,766 INFO  [AndroMDA] found namespace --> 'java'
2013-07-27 08:57:08,766 INFO  [AndroMDA]   +  registering component 'cartridge'
2013-07-27 08:57:08,780 INFO  [AndroMDA]   +  registering component 'profile'
2013-07-27 08:57:08,783 INFO  [AndroMDA]   +  registering component 'metafacades'
2013-07-27 08:57:08,788 INFO  [AndroMDA] found namespace --> 'netBeansMDR'
2013-07-27 08:57:08,788 INFO  [AndroMDA]   +  registering component 'repository'
2013-07-27 08:57:08,866 INFO  [AndroMDA] found namespace --> 'spring'
2013-07-27 08:57:08,866 INFO  [AndroMDA]   +  registering component 'cartridge'
2013-07-27 08:57:09,002 INFO  [AndroMDA]   +  registering component 'metafacades'
2013-07-27 08:57:09,036 INFO  [AndroMDA]   +  registering component 'profile'
2013-07-27 08:57:09,047 INFO  [AndroMDA] found namespace --> 'uml-1.4'
2013-07-27 08:57:09,047 INFO  [AndroMDA]   +  registering component 'metafacades'
2013-07-27 08:57:09,108 INFO  [AndroMDA]   +  registering component 'profile'
2013-07-27 08:57:09,115 INFO  [AndroMDA] found namespace --> 'validation'
2013-07-27 08:57:09,115 INFO  [AndroMDA]   +  registering component 'translation-library'
2013-07-27 08:57:10,424 INFO  [AndroMDA] - core initialization complete: 2.288[s] -
2013-07-27 08:57:10,432 INFO  [AndroMDA] loading model --> 'file:/home/mwkunkel/PROJECTS/CURRENT/dtp_pptp/uml/pptp/mda/src/main/uml/pptp.uml'
2013-07-27 08:57:10,443 INFO  [AndroMDA] referenced model --> 'file:/home/mwkunkel/PROJECTS/CURRENT/dtp_pptp/uml/pptp/mda/src/main/uml/pptp.uml' 
2013-07-27 08:57:10,622 INFO  [AndroMDA] referenced model --> 'file:/home/mwkunkel/PROJECTS/CURRENT/dtp_pptp/uml/pptp/mda/src/main/uml/UML_Standard_Profile.MagicDraw_Profile.profile.uml' 
2013-07-27 08:57:11,013 INFO  [AndroMDA] referenced model --> 'file:/home/mwkunkel/PROJECTS/CURRENT/dtp_pptp/uml/pptp/mda/src/main/uml/UML_Standard_Profile.MagicDraw_Profile.DSL_Customization.profile.uml' 
2013-07-27 08:57:11,146 INFO  [AndroMDA] referenced model --> 'file:/home/mwkunkel/PROJECTS/CURRENT/dtp_pptp/uml/pptp/mda/src/main/uml/UML_Standard_Profile.Validation_Profile.profile.uml' 
2013-07-27 08:57:11,322 INFO  [AndroMDA] referenced model --> 'file:/home/mwkunkel/PROJECTS/CURRENT/dtp_pptp/uml/pptp/mda/src/main/uml/andromda-common.profile.uml' 
2013-07-27 08:57:11,369 INFO  [AndroMDA] referenced model --> 'jar:file:/home/mwkunkel/.m2/repository/org/eclipse/uml2/org.eclipse.uml2.uml.resources/3.1.0.v201005031530/org.eclipse.uml2.uml.resources-3.1.0.v201005031530.jar!/profiles/Standard.profile.uml#_yzU58YinEdqtvbnfB2L_5w' 
2013-07-27 08:57:11,373 INFO  [AndroMDA] referenced model --> 'jar:file:/home/mwkunkel/.m2/repository/org/eclipse/uml2/org.eclipse.uml2.uml.resources/3.1.0.v201005031530/org.eclipse.uml2.uml.resources-3.1.0.v201005031530.jar!/profiles/Standard.profile.uml#_0' 
2013-07-27 08:57:11,380 INFO  [AndroMDA] referenced model --> 'jar:file:/home/mwkunkel/.m2/repository/org/eclipse/uml2/org.eclipse.uml2.uml.resources/3.1.0.v201005031530/org.eclipse.uml2.uml.resources-3.1.0.v201005031530.jar!/profiles/Standard.profile.uml' 
2013-07-27 08:57:11,435 INFO  [AndroMDA] referenced model --> 'jar:file:/home/mwkunkel/.m2/repository/org/eclipse/uml2/org.eclipse.uml2.uml.resources/3.1.0.v201005031530/org.eclipse.uml2.uml.resources-3.1.0.v201005031530.jar!/profiles/Ecore.profile.uml#_z1OFcHjqEdy8S4Cr8Rc_NA' 
2013-07-27 08:57:11,439 INFO  [AndroMDA] referenced model --> 'jar:file:/home/mwkunkel/.m2/repository/org/eclipse/uml2/org.eclipse.uml2.uml.resources/3.1.0.v201005031530/org.eclipse.uml2.uml.resources-3.1.0.v201005031530.jar!/profiles/Ecore.profile.uml#_0' 
2013-07-27 08:57:11,445 INFO  [AndroMDA] referenced model --> 'jar:file:/home/mwkunkel/.m2/repository/org/eclipse/uml2/org.eclipse.uml2.uml.resources/3.1.0.v201005031530/org.eclipse.uml2.uml.resources-3.1.0.v201005031530.jar!/profiles/Ecore.profile.uml' 
2013-07-27 08:57:11,539 INFO  [AndroMDA] referenced model --> 'file:/home/mwkunkel/PROJECTS/CURRENT/dtp_pptp/uml/pptp/mda/src/main/uml/andromda-persistence.profile.uml' 
2013-07-27 08:57:11,728 INFO  [AndroMDA] referenced model --> 'file:/home/mwkunkel/PROJECTS/CURRENT/dtp_pptp/uml/pptp/mda/src/main/uml/andromda-webservice.profile.uml' 
2013-07-27 08:57:11,768 INFO  [AndroMDA] referenced model --> 'file:/home/mwkunkel/PROJECTS/CURRENT/dtp_pptp/uml/pptp/mda/src/main/uml/andromda-process.profile.uml' 
2013-07-27 08:57:11,796 INFO  [AndroMDA] referenced model --> 'file:/home/mwkunkel/PROJECTS/CURRENT/dtp_pptp/uml/pptp/mda/src/main/uml/andromda-presentation.profile.uml' 
2013-07-27 08:57:11,831 INFO  [AndroMDA] referenced model --> 'file:/home/mwkunkel/PROJECTS/CURRENT/dtp_pptp/uml/pptp/mda/src/main/uml/UML_Standard_Profile.StandardProfileL3.profile.uml' 
2013-07-27 08:57:11,838 INFO  [AndroMDA] referenced model --> 'file:/home/mwkunkel/PROJECTS/CURRENT/dtp_pptp/uml/pptp/mda/src/main/uml/andromda-service.profile.uml' 
2013-07-27 08:57:11,873 INFO  [AndroMDA] referenced model --> 'file:/home/mwkunkel/PROJECTS/CURRENT/dtp_pptp/uml/pptp/mda/src/main/uml/andromda-messaging.profile.uml' 
2013-07-27 08:57:11,889 INFO  [AndroMDA] referenced model --> 'file:/home/mwkunkel/PROJECTS/CURRENT/dtp_pptp/uml/pptp/mda/src/main/uml/UML_Standard_Profile.StandardProfileL2.profile.uml' 
2013-07-27 08:57:11,901 INFO  [AndroMDA] referenced model --> 'file:/home/mwkunkel/PROJECTS/CURRENT/dtp_pptp/uml/pptp/mda/src/main/uml/UML_Standard_Profile.MagicDraw_Profile.Traceability_customization.profile.uml' 
2013-07-27 08:57:11,936 INFO  [AndroMDA] referenced model --> 'file:/home/mwkunkel/PROJECTS/CURRENT/dtp_pptp/uml/pptp/mda/src/main/uml/andromda-xml.profile.uml' 
2013-07-27 08:57:11,954 INFO  [AndroMDA] - loading complete: 1.528[s] -
2013-07-27 08:57:11,954 INFO  [AndroMDA] - validating model -
2013-07-27 08:57:14,701 INFO  [AndroMDA] - validation complete: 2.747[s] -
2013-07-27 08:57:14,761 INFO  [AndroMDA] Processing cartridge spring on model /home/mwkunkel/PROJECTS/CURRENT/dtp_pptp/uml/pptp/mda/src/main/uml/pptp.uml
2013-07-27 08:57:14,764 INFO  [org.andromda.core.cartridge.Cartridge] Processing templates/spring/SpringServiceLocator.vsl with 0 metafacades from 2 model elements
2013-07-27 08:57:14,766 INFO  [org.andromda.core.cartridge.Cartridge] Processing templates/spring/SpringServiceLocator.vsl with 0 metafacades from 2 model elements
2013-07-27 08:57:14,767 INFO  [org.andromda.core.cartridge.Cartridge] Processing templates/spring/richclient/SpringServerTest.vsl with 0 metafacades from 1 model elements
2013-07-27 08:57:14,768 INFO  [org.andromda.core.cartridge.Cartridge] Processing templates/spring/richclient/ThisBeanFactory.java.vsl with 0 metafacades from 1 model elements
2013-07-27 08:57:14,771 INFO  [org.andromda.core.cartridge.Cartridge] Processing templates/spring/remoting/client/SpringClientServiceLocator.vsl with 0 metafacades from 2 model elements
2013-07-27 08:57:14,773 INFO  [org.andromda.core.cartridge.Cartridge] Processing templates/spring/richclient/SpringClientTest.vsl with 0 metafacades from 1 model elements
2013-07-27 08:57:14,775 INFO  [org.andromda.core.cartridge.Cartridge] Processing templates/spring/SpringClientExceptionHandlingAdvice.vsl with 0 metafacades from 1 model elements
2013-07-27 08:57:14,777 INFO  [org.andromda.core.cartridge.Cartridge] Processing templates/spring/SpringService.vsl with 0 metafacades from 1 model elements
2013-07-27 08:57:14,779 INFO  [org.andromda.core.cartridge.Cartridge] Processing templates/spring/SpringService.vsl with 0 metafacades from 1 model elements
2013-07-27 08:57:14,780 INFO  [org.andromda.core.cartridge.Cartridge] Processing templates/spring/SpringWebServiceDelegator.vsl with 0 metafacades from 1 model elements
2013-07-27 08:57:14,782 INFO  [org.andromda.core.cartridge.Cartridge] Processing templates/spring/SpringServiceBase.vsl with 0 metafacades from 1 model elements
2013-07-27 08:57:14,783 INFO  [org.andromda.core.cartridge.Cartridge] Processing templates/spring/SpringServiceBase.vsl with 0 metafacades from 1 model elements
2013-07-27 08:57:14,787 INFO  [org.andromda.core.cartridge.Cartridge] Processing templates/spring/SpringPrincipalStore.java.vsl with 0 metafacades from 2 model elements
2013-07-27 08:57:14,831 INFO  [AndroMDA:spring] Output: 'file:/home/mwkunkel/PROJECTS/CURRENT/dtp_pptp/uml/pptp/mda/../core/target/src/main/java/mwk/pptp/PrincipalStore.java'
2013-07-27 08:57:14,831 INFO  [org.andromda.core.cartridge.Cartridge] Processing templates/spring/SpringPrincipalStore.java.vsl with 0 metafacades from 1 model elements
2013-07-27 08:57:14,832 WARN  [org.andromda.core.cartridge.Cartridge] Template outlet location 'server' is not defined in namespace spring
2013-07-27 08:57:14,832 INFO  [org.andromda.core.cartridge.Cartridge] Processing templates/spring/SpringServiceImpl.vsl with 0 metafacades from 1 model elements
2013-07-27 08:57:14,833 INFO  [org.andromda.core.cartridge.Cartridge] Processing templates/spring/SpringServiceImpl.vsl with 0 metafacades from 1 model elements
2013-07-27 08:57:14,833 INFO  [org.andromda.core.cartridge.Cartridge] Processing templates/spring/DefaultServiceException.vsl with 0 metafacades from 1 model elements
2013-07-27 08:57:14,834 INFO  [org.andromda.core.cartridge.Cartridge] Processing templates/spring/DefaultServiceException.vsl with 0 metafacades from 1 model elements
2013-07-27 08:57:14,834 INFO  [org.andromda.core.cartridge.Cartridge] Processing templates/spring/SpringDao.vsl with 22 metafacades from 1 model elements
2013-07-27 08:57:15,004 INFO  [AndroMDA:spring] Output: 'file:/home/mwkunkel/PROJECTS/CURRENT/dtp_pptp/uml/pptp/mda/../core/target/src/main/java/mwk/pptp/androdomain/CompoundTypeDao.java'
2013-07-27 08:57:15,025 INFO  [AndroMDA:spring] Output: 'file:/home/mwkunkel/PROJECTS/CURRENT/dtp_pptp/uml/pptp/mda/../core/target/src/main/java/mwk/pptp/androdomain/CellLineMasterDao.java'
2013-07-27 08:57:15,047 INFO  [AndroMDA:spring] Output: 'file:/home/mwkunkel/PROJECTS/CURRENT/dtp_pptp/uml/pptp/mda/../core/target/src/main/java/mwk/pptp/androdomain/AffyIdentifierTypeDao.java'
2013-07-27 08:57:15,089 INFO  [AndroMDA:spring] Output: 'file:/home/mwkunkel/PROJECTS/CURRENT/dtp_pptp/uml/pptp/mda/../core/target/src/main/java/mwk/pptp/androdomain/MouseCrosstabDao.java'
2013-07-27 08:57:15,177 INFO  [AndroMDA:spring] Output: 'file:/home/mwkunkel/PROJECTS/CURRENT/dtp_pptp/uml/pptp/mda/../core/target/src/main/java/mwk/pptp/androdomain/SummaryDao.java'
2013-07-27 08:57:15,196 INFO  [AndroMDA:spring] Output: 'file:/home/mwkunkel/PROJECTS/CURRENT/dtp_pptp/uml/pptp/mda/../core/target/src/main/java/mwk/pptp/androdomain/PanelTypeDao.java'
2013-07-27 08:57:15,211 INFO  [AndroMDA:spring] Output: 'file:/home/mwkunkel/PROJECTS/CURRENT/dtp_pptp/uml/pptp/mda/../core/target/src/main/java/mwk/pptp/androdomain/ScheduleTypeDao.java'
2013-07-27 08:57:15,227 INFO  [AndroMDA:spring] Output: 'file:/home/mwkunkel/PROJECTS/CURRENT/dtp_pptp/uml/pptp/mda/../core/target/src/main/java/mwk/pptp/androdomain/ImplantSiteTypeDao.java'
2013-07-27 08:57:15,256 INFO  [AndroMDA:spring] Output: 'file:/home/mwkunkel/PROJECTS/CURRENT/dtp_pptp/uml/pptp/mda/../core/target/src/main/java/mwk/pptp/androdomain/CompoundMasterDao.java'
2013-07-27 08:57:15,277 INFO  [AndroMDA:spring] Output: 'file:/home/mwkunkel/PROJECTS/CURRENT/dtp_pptp/uml/pptp/mda/../core/target/src/main/java/mwk/pptp/androdomain/MouseGroupDao.java'
2013-07-27 08:57:15,333 INFO  [AndroMDA:spring] Output: 'file:/home/mwkunkel/PROJECTS/CURRENT/dtp_pptp/uml/pptp/mda/../core/target/src/main/java/mwk/pptp/androdomain/CellLineTypeDao.java'
2013-07-27 08:57:15,351 INFO  [AndroMDA:spring] Output: 'file:/home/mwkunkel/PROJECTS/CURRENT/dtp_pptp/uml/pptp/mda/../core/target/src/main/java/mwk/pptp/androdomain/CellTypeDao.java'
2013-07-27 08:57:15,372 INFO  [AndroMDA:spring] Output: 'file:/home/mwkunkel/PROJECTS/CURRENT/dtp_pptp/uml/pptp/mda/../core/target/src/main/java/mwk/pptp/androdomain/MouseDao.java'
2013-07-27 08:57:15,389 INFO  [AndroMDA:spring] Output: 'file:/home/mwkunkel/PROJECTS/CURRENT/dtp_pptp/uml/pptp/mda/../core/target/src/main/java/mwk/pptp/androdomain/VehicleTypeDao.java'
2013-07-27 08:57:15,413 INFO  [AndroMDA:spring] Output: 'file:/home/mwkunkel/PROJECTS/CURRENT/dtp_pptp/uml/pptp/mda/../core/target/src/main/java/mwk/pptp/androdomain/RetestTypeDao.java'
2013-07-27 08:57:15,433 INFO  [AndroMDA:spring] Output: 'file:/home/mwkunkel/PROJECTS/CURRENT/dtp_pptp/uml/pptp/mda/../core/target/src/main/java/mwk/pptp/androdomain/GroupRoleTypeDao.java'
2013-07-27 08:57:15,459 INFO  [AndroMDA:spring] Output: 'file:/home/mwkunkel/PROJECTS/CURRENT/dtp_pptp/uml/pptp/mda/../core/target/src/main/java/mwk/pptp/androdomain/MouseTypeDao.java'
2013-07-27 08:57:15,474 INFO  [AndroMDA:spring] Output: 'file:/home/mwkunkel/PROJECTS/CURRENT/dtp_pptp/uml/pptp/mda/../core/target/src/main/java/mwk/pptp/androdomain/TreatmentRouteTypeDao.java'
2013-07-27 08:57:15,517 INFO  [AndroMDA:spring] Output: 'file:/home/mwkunkel/PROJECTS/CURRENT/dtp_pptp/uml/pptp/mda/../core/target/src/main/java/mwk/pptp/androdomain/CellLineGroupDao.java'
2013-07-27 08:57:15,533 INFO  [AndroMDA:spring] Output: 'file:/home/mwkunkel/PROJECTS/CURRENT/dtp_pptp/uml/pptp/mda/../core/target/src/main/java/mwk/pptp/androdomain/MtdStudyDao.java'
2013-07-27 08:57:15,551 INFO  [AndroMDA:spring] Output: 'file:/home/mwkunkel/PROJECTS/CURRENT/dtp_pptp/uml/pptp/mda/../core/target/src/main/java/mwk/pptp/androdomain/ConcentrationUnitTypeDao.java'
2013-07-27 08:57:15,585 INFO  [AndroMDA:spring] Output: 'file:/home/mwkunkel/PROJECTS/CURRENT/dtp_pptp/uml/pptp/mda/../core/target/src/main/java/mwk/pptp/androdomain/AffyDataDao.java'
2013-07-27 08:57:15,586 INFO  [org.andromda.core.cartridge.Cartridge] Processing templates/spring/hibernate/SpringHibernateDaoBase.vsl with 22 metafacades from 1 model elements
2013-07-27 08:57:15,729 INFO  [AndroMDA:spring] Output: 'file:/home/mwkunkel/PROJECTS/CURRENT/dtp_pptp/uml/pptp/mda/../core/target/src/main/java/mwk/pptp/androdomain/CompoundTypeDaoBase.java'
2013-07-27 08:57:15,783 INFO  [AndroMDA:spring] Output: 'file:/home/mwkunkel/PROJECTS/CURRENT/dtp_pptp/uml/pptp/mda/../core/target/src/main/java/mwk/pptp/androdomain/CellLineMasterDaoBase.java'
2013-07-27 08:57:15,844 INFO  [AndroMDA:spring] Output: 'file:/home/mwkunkel/PROJECTS/CURRENT/dtp_pptp/uml/pptp/mda/../core/target/src/main/java/mwk/pptp/androdomain/AffyIdentifierTypeDaoBase.java'
2013-07-27 08:57:15,930 INFO  [AndroMDA:spring] Output: 'file:/home/mwkunkel/PROJECTS/CURRENT/dtp_pptp/uml/pptp/mda/../core/target/src/main/java/mwk/pptp/androdomain/MouseCrosstabDaoBase.java'
2013-07-27 08:57:16,111 INFO  [AndroMDA:spring] Output: 'file:/home/mwkunkel/PROJECTS/CURRENT/dtp_pptp/uml/pptp/mda/../core/target/src/main/java/mwk/pptp/androdomain/SummaryDaoBase.java'
2013-07-27 08:57:16,163 INFO  [AndroMDA:spring] Output: 'file:/home/mwkunkel/PROJECTS/CURRENT/dtp_pptp/uml/pptp/mda/../core/target/src/main/java/mwk/pptp/androdomain/PanelTypeDaoBase.java'
2013-07-27 08:57:16,201 INFO  [AndroMDA:spring] Output: 'file:/home/mwkunkel/PROJECTS/CURRENT/dtp_pptp/uml/pptp/mda/../core/target/src/main/java/mwk/pptp/androdomain/ScheduleTypeDaoBase.java'
2013-07-27 08:57:16,251 INFO  [AndroMDA:spring] Output: 'file:/home/mwkunkel/PROJECTS/CURRENT/dtp_pptp/uml/pptp/mda/../core/target/src/main/java/mwk/pptp/androdomain/ImplantSiteTypeDaoBase.java'
2013-07-27 08:57:16,321 INFO  [AndroMDA:spring] Output: 'file:/home/mwkunkel/PROJECTS/CURRENT/dtp_pptp/uml/pptp/mda/../core/target/src/main/java/mwk/pptp/androdomain/CompoundMasterDaoBase.java'
2013-07-27 08:57:16,367 INFO  [AndroMDA:spring] Output: 'file:/home/mwkunkel/PROJECTS/CURRENT/dtp_pptp/uml/pptp/mda/../core/target/src/main/java/mwk/pptp/androdomain/MouseGroupDaoBase.java'
2013-07-27 08:57:16,483 INFO  [AndroMDA:spring] Output: 'file:/home/mwkunkel/PROJECTS/CURRENT/dtp_pptp/uml/pptp/mda/../core/target/src/main/java/mwk/pptp/androdomain/CellLineTypeDaoBase.java'
2013-07-27 08:57:16,523 INFO  [AndroMDA:spring] Output: 'file:/home/mwkunkel/PROJECTS/CURRENT/dtp_pptp/uml/pptp/mda/../core/target/src/main/java/mwk/pptp/androdomain/CellTypeDaoBase.java'
2013-07-27 08:57:16,570 INFO  [AndroMDA:spring] Output: 'file:/home/mwkunkel/PROJECTS/CURRENT/dtp_pptp/uml/pptp/mda/../core/target/src/main/java/mwk/pptp/androdomain/MouseDaoBase.java'
2013-07-27 08:57:16,606 INFO  [AndroMDA:spring] Output: 'file:/home/mwkunkel/PROJECTS/CURRENT/dtp_pptp/uml/pptp/mda/../core/target/src/main/java/mwk/pptp/androdomain/VehicleTypeDaoBase.java'
2013-07-27 08:57:16,652 INFO  [AndroMDA:spring] Output: 'file:/home/mwkunkel/PROJECTS/CURRENT/dtp_pptp/uml/pptp/mda/../core/target/src/main/java/mwk/pptp/androdomain/RetestTypeDaoBase.java'
2013-07-27 08:57:16,689 INFO  [AndroMDA:spring] Output: 'file:/home/mwkunkel/PROJECTS/CURRENT/dtp_pptp/uml/pptp/mda/../core/target/src/main/java/mwk/pptp/androdomain/GroupRoleTypeDaoBase.java'
2013-07-27 08:57:16,735 INFO  [AndroMDA:spring] Output: 'file:/home/mwkunkel/PROJECTS/CURRENT/dtp_pptp/uml/pptp/mda/../core/target/src/main/java/mwk/pptp/androdomain/MouseTypeDaoBase.java'
2013-07-27 08:57:16,769 INFO  [AndroMDA:spring] Output: 'file:/home/mwkunkel/PROJECTS/CURRENT/dtp_pptp/uml/pptp/mda/../core/target/src/main/java/mwk/pptp/androdomain/TreatmentRouteTypeDaoBase.java'
2013-07-27 08:57:16,842 INFO  [AndroMDA:spring] Output: 'file:/home/mwkunkel/PROJECTS/CURRENT/dtp_pptp/uml/pptp/mda/../core/target/src/main/java/mwk/pptp/androdomain/CellLineGroupDaoBase.java'
2013-07-27 08:57:16,871 INFO  [AndroMDA:spring] Output: 'file:/home/mwkunkel/PROJECTS/CURRENT/dtp_pptp/uml/pptp/mda/../core/target/src/main/java/mwk/pptp/androdomain/MtdStudyDaoBase.java'
2013-07-27 08:57:16,903 INFO  [AndroMDA:spring] Output: 'file:/home/mwkunkel/PROJECTS/CURRENT/dtp_pptp/uml/pptp/mda/../core/target/src/main/java/mwk/pptp/androdomain/ConcentrationUnitTypeDaoBase.java'
2013-07-27 08:57:16,960 INFO  [AndroMDA:spring] Output: 'file:/home/mwkunkel/PROJECTS/CURRENT/dtp_pptp/uml/pptp/mda/../core/target/src/main/java/mwk/pptp/androdomain/AffyDataDaoBase.java'
2013-07-27 08:57:16,961 INFO  [org.andromda.core.cartridge.Cartridge] Processing templates/spring/hibernate/SpringHibernateDaoImpl.vsl with 22 metafacades from 1 model elements
2013-07-27 08:57:16,969 INFO  [AndroMDA:spring] Output: 'file:/home/mwkunkel/PROJECTS/CURRENT/dtp_pptp/uml/pptp/mda/../core/target/src/main/java/mwk/pptp/androdomain/CompoundTypeDaoImpl.java'
2013-07-27 08:57:16,970 INFO  [AndroMDA:spring] Output: 'file:/home/mwkunkel/PROJECTS/CURRENT/dtp_pptp/uml/pptp/mda/../core/target/src/main/java/mwk/pptp/androdomain/CellLineMasterDaoImpl.java'
2013-07-27 08:57:16,970 INFO  [AndroMDA:spring] Output: 'file:/home/mwkunkel/PROJECTS/CURRENT/dtp_pptp/uml/pptp/mda/../core/target/src/main/java/mwk/pptp/androdomain/AffyIdentifierTypeDaoImpl.java'
2013-07-27 08:57:16,971 INFO  [AndroMDA:spring] Output: 'file:/home/mwkunkel/PROJECTS/CURRENT/dtp_pptp/uml/pptp/mda/../core/target/src/main/java/mwk/pptp/androdomain/MouseCrosstabDaoImpl.java'
2013-07-27 08:57:16,972 INFO  [AndroMDA:spring] Output: 'file:/home/mwkunkel/PROJECTS/CURRENT/dtp_pptp/uml/pptp/mda/../core/target/src/main/java/mwk/pptp/androdomain/SummaryDaoImpl.java'
2013-07-27 08:57:16,972 INFO  [AndroMDA:spring] Output: 'file:/home/mwkunkel/PROJECTS/CURRENT/dtp_pptp/uml/pptp/mda/../core/target/src/main/java/mwk/pptp/androdomain/PanelTypeDaoImpl.java'
2013-07-27 08:57:16,973 INFO  [AndroMDA:spring] Output: 'file:/home/mwkunkel/PROJECTS/CURRENT/dtp_pptp/uml/pptp/mda/../core/target/src/main/java/mwk/pptp/androdomain/ScheduleTypeDaoImpl.java'
2013-07-27 08:57:16,974 INFO  [AndroMDA:spring] Output: 'file:/home/mwkunkel/PROJECTS/CURRENT/dtp_pptp/uml/pptp/mda/../core/target/src/main/java/mwk/pptp/androdomain/ImplantSiteTypeDaoImpl.java'
2013-07-27 08:57:16,974 INFO  [AndroMDA:spring] Output: 'file:/home/mwkunkel/PROJECTS/CURRENT/dtp_pptp/uml/pptp/mda/../core/target/src/main/java/mwk/pptp/androdomain/CompoundMasterDaoImpl.java'
2013-07-27 08:57:16,975 INFO  [AndroMDA:spring] Output: 'file:/home/mwkunkel/PROJECTS/CURRENT/dtp_pptp/uml/pptp/mda/../core/target/src/main/java/mwk/pptp/androdomain/MouseGroupDaoImpl.java'
2013-07-27 08:57:16,976 INFO  [AndroMDA:spring] Output: 'file:/home/mwkunkel/PROJECTS/CURRENT/dtp_pptp/uml/pptp/mda/../core/target/src/main/java/mwk/pptp/androdomain/CellLineTypeDaoImpl.java'
2013-07-27 08:57:16,976 INFO  [AndroMDA:spring] Output: 'file:/home/mwkunkel/PROJECTS/CURRENT/dtp_pptp/uml/pptp/mda/../core/target/src/main/java/mwk/pptp/androdomain/CellTypeDaoImpl.java'
2013-07-27 08:57:16,977 INFO  [AndroMDA:spring] Output: 'file:/home/mwkunkel/PROJECTS/CURRENT/dtp_pptp/uml/pptp/mda/../core/target/src/main/java/mwk/pptp/androdomain/MouseDaoImpl.java'
2013-07-27 08:57:16,977 INFO  [AndroMDA:spring] Output: 'file:/home/mwkunkel/PROJECTS/CURRENT/dtp_pptp/uml/pptp/mda/../core/target/src/main/java/mwk/pptp/androdomain/VehicleTypeDaoImpl.java'
2013-07-27 08:57:16,978 INFO  [AndroMDA:spring] Output: 'file:/home/mwkunkel/PROJECTS/CURRENT/dtp_pptp/uml/pptp/mda/../core/target/src/main/java/mwk/pptp/androdomain/RetestTypeDaoImpl.java'
2013-07-27 08:57:16,979 INFO  [AndroMDA:spring] Output: 'file:/home/mwkunkel/PROJECTS/CURRENT/dtp_pptp/uml/pptp/mda/../core/target/src/main/java/mwk/pptp/androdomain/GroupRoleTypeDaoImpl.java'
2013-07-27 08:57:16,980 INFO  [AndroMDA:spring] Output: 'file:/home/mwkunkel/PROJECTS/CURRENT/dtp_pptp/uml/pptp/mda/../core/target/src/main/java/mwk/pptp/androdomain/MouseTypeDaoImpl.java'
2013-07-27 08:57:16,980 INFO  [AndroMDA:spring] Output: 'file:/home/mwkunkel/PROJECTS/CURRENT/dtp_pptp/uml/pptp/mda/../core/target/src/main/java/mwk/pptp/androdomain/TreatmentRouteTypeDaoImpl.java'
2013-07-27 08:57:16,981 INFO  [AndroMDA:spring] Output: 'file:/home/mwkunkel/PROJECTS/CURRENT/dtp_pptp/uml/pptp/mda/../core/target/src/main/java/mwk/pptp/androdomain/CellLineGroupDaoImpl.java'
2013-07-27 08:57:16,981 INFO  [AndroMDA:spring] Output: 'file:/home/mwkunkel/PROJECTS/CURRENT/dtp_pptp/uml/pptp/mda/../core/target/src/main/java/mwk/pptp/androdomain/MtdStudyDaoImpl.java'
2013-07-27 08:57:16,982 INFO  [AndroMDA:spring] Output: 'file:/home/mwkunkel/PROJECTS/CURRENT/dtp_pptp/uml/pptp/mda/../core/target/src/main/java/mwk/pptp/androdomain/ConcentrationUnitTypeDaoImpl.java'
2013-07-27 08:57:16,982 INFO  [AndroMDA:spring] Output: 'file:/home/mwkunkel/PROJECTS/CURRENT/dtp_pptp/uml/pptp/mda/../core/target/src/main/java/mwk/pptp/androdomain/AffyDataDaoImpl.java'
2013-07-27 08:57:16,983 INFO  [org.andromda.core.cartridge.Cartridge] Processing templates/spring/hibernate/SpringHibernateDaoImpl.vsl with 0 metafacades from 1 model elements
2013-07-27 08:57:16,984 INFO  [org.andromda.core.cartridge.Cartridge] Processing templates/spring/ejb/SpringSessionBean.vsl with 0 metafacades from 1 model elements
2013-07-27 08:57:16,984 INFO  [org.andromda.core.cartridge.Cartridge] Processing templates/spring/ejb/SpringSessionRemote.vsl with 0 metafacades from 1 model elements
2013-07-27 08:57:16,985 INFO  [org.andromda.core.cartridge.Cartridge] Processing templates/spring/ejb/SpringSessionRemoteHome.vsl with 0 metafacades from 1 model elements
2013-07-27 08:57:16,985 INFO  [org.andromda.core.cartridge.Cartridge] Processing templates/spring/ejb/SpringSessionLocal.vsl with 0 metafacades from 1 model elements
2013-07-27 08:57:16,986 INFO  [org.andromda.core.cartridge.Cartridge] Processing templates/spring/ejb/SpringSessionLocalHome.vsl with 0 metafacades from 1 model elements
2013-07-27 08:57:16,987 INFO  [org.andromda.core.cartridge.Cartridge] Processing templates/spring/applicationContext.xml.vsl with 22 metafacades from 3 model elements
2013-07-27 08:57:17,007 INFO  [AndroMDA:spring] Output: 'file:/home/mwkunkel/PROJECTS/CURRENT/dtp_pptp/uml/pptp/mda/../core/target/src/main/java/applicationContext.xml'
2013-07-27 08:57:17,008 INFO  [org.andromda.core.cartridge.Cartridge] Processing templates/spring/applicationContext-dataSource.xml.vsl with 22 metafacades from 2 model elements
2013-07-27 08:57:17,011 INFO  [AndroMDA:spring] Output: 'file:/home/mwkunkel/PROJECTS/CURRENT/dtp_pptp/uml/pptp/mda/../core/target/src/main/java/applicationContext-dataSource.xml'
2013-07-27 08:57:17,012 INFO  [org.andromda.core.cartridge.Cartridge] Processing templates/spring/applicationContext-localDataSource.xml.vsl with 22 metafacades from 2 model elements
2013-07-27 08:57:17,014 INFO  [AndroMDA:spring] Output: 'file:/home/mwkunkel/PROJECTS/CURRENT/dtp_pptp/uml/pptp/mda/../core/target/src/main/java/applicationContext-localDataSource.xml'
2013-07-27 08:57:17,015 INFO  [org.andromda.core.cartridge.Cartridge] Processing templates/spring/applicationContext-testDataSource.xml.vsl with 22 metafacades from 2 model elements
2013-07-27 08:57:17,017 INFO  [AndroMDA:spring] Output: 'file:/home/mwkunkel/PROJECTS/CURRENT/dtp_pptp/uml/pptp/mda/../core/src/test/resources/applicationContext-testDataSource.xml'
2013-07-27 08:57:17,018 INFO  [org.andromda.core.cartridge.Cartridge] Processing templates/spring/applicationContext-server.xml.vsl with 0 metafacades from 2 model elements
2013-07-27 08:57:17,019 INFO  [org.andromda.core.cartridge.Cartridge] Processing templates/spring/applicationContext-server.xml.vsl with 0 metafacades from 2 model elements
2013-07-27 08:57:17,020 INFO  [org.andromda.core.cartridge.Cartridge] Processing templates/spring/remoting/client/applicationContext-client.xml.vsl with 0 metafacades from 2 model elements
2013-07-27 08:57:17,021 INFO  [org.andromda.core.cartridge.Cartridge] Processing templates/spring/richclient/applicationContext-server-authentication.xml.vsl with 0 metafacades from 1 model elements
2013-07-27 08:57:17,021 INFO  [org.andromda.core.cartridge.Cartridge] Processing templates/spring/hibernate/H2.java.vsl with 22 metafacades from 1 model elements
2013-07-27 08:57:17,027 INFO  [AndroMDA:spring] Output: 'file:/home/mwkunkel/PROJECTS/CURRENT/dtp_pptp/uml/pptp/mda/../core/target/src/test/java/org/andromda/dbtest/H2.java'
2013-07-27 08:57:17,028 INFO  [org.andromda.core.cartridge.Cartridge] Processing templates/spring/richclient/ehcache-server-authentication.xml.vsl with 0 metafacades from 1 model elements
2013-07-27 08:57:17,028 INFO  [org.andromda.core.cartridge.Cartridge] Processing templates/spring/richclient/AuthenticationDaoImpl.vsl with 0 metafacades from 1 model elements
2013-07-27 08:57:17,029 INFO  [org.andromda.core.cartridge.Cartridge] Processing templates/spring/richclient/SpringMergeMappings.vsl with 0 metafacades from 1 model elements
2013-07-27 08:57:17,029 INFO  [org.andromda.core.cartridge.Cartridge] Processing templates/spring/remoting/client/applicationContext-client-authentication.xml.vsl with 0 metafacades from 1 model elements
2013-07-27 08:57:17,030 INFO  [org.andromda.core.cartridge.Cartridge] Processing templates/spring/remoting/client/applicationContext-client.properties.vsl with 0 metafacades from 1 model elements
2013-07-27 08:57:17,030 INFO  [org.andromda.core.cartridge.Cartridge] Processing templates/spring/osgi/applicationContext-osgi-export.xml.vsl with 0 metafacades from 1 model elements
2013-07-27 08:57:17,031 INFO  [org.andromda.core.cartridge.Cartridge] Processing templates/spring/osgi/applicationContext-osgi-import.xml.vsl with 0 metafacades from 1 model elements
2013-07-27 08:57:17,033 INFO  [org.andromda.core.cartridge.Cartridge] Processing templates/spring/richclient/web.xml.vsl with 0 metafacades from 4 model elements
2013-07-27 08:57:17,033 INFO  [org.andromda.core.cartridge.Cartridge] Processing templates/spring/ejb/applicationContext-remoteEjb.xml.vsl with 0 metafacades from 1 model elements
2013-07-27 08:57:17,034 INFO  [org.andromda.core.cartridge.Cartridge] Processing templates/spring/ejb/applicationContext-localEjb.xml.vsl with 0 metafacades from 1 model elements
2013-07-27 08:57:17,034 INFO  [org.andromda.core.cartridge.Cartridge] Processing templates/spring/ejb/ejb-jar.xml.vsl with 0 metafacades from 1 model elements
2013-07-27 08:57:17,035 INFO  [org.andromda.core.cartridge.Cartridge] Processing templates/spring/ejb/ejb-jar.xml.vsl with 0 metafacades from 1 model elements
2013-07-27 08:57:17,035 INFO  [org.andromda.core.cartridge.Cartridge] Processing templates/spring/ejb/jboss.xml.vsl with 0 metafacades from 1 model elements
2013-07-27 08:57:17,036 INFO  [org.andromda.core.cartridge.Cartridge] Processing templates/spring/ejb/jboss.xml.vsl with 0 metafacades from 1 model elements
2013-07-27 08:57:17,038 INFO  [org.andromda.core.cartridge.Cartridge] Processing templates/spring/beanRefFactory.xml.vsl with 22 metafacades from 4 model elements
2013-07-27 08:57:17,041 INFO  [AndroMDA:spring] Output: 'file:/home/mwkunkel/PROJECTS/CURRENT/dtp_pptp/uml/pptp/mda/../core/target/src/main/java/beanRefFactory.xml'
2013-07-27 08:57:17,043 INFO  [org.andromda.core.cartridge.Cartridge] Processing templates/spring/richclient/serverTestBeanRefFactory.xml.vsl with 0 metafacades from 3 model elements
2013-07-27 08:57:17,043 INFO  [org.andromda.core.cartridge.Cartridge] Processing templates/spring/richclient/serverTestBeanRefFactory.properties.vsl with 0 metafacades from 1 model elements
2013-07-27 08:57:17,044 INFO  [org.andromda.core.cartridge.Cartridge] Processing templates/spring/hibernate/search/SearchParameter.java.vsl with 22 metafacades from 1 model elements
2013-07-27 08:57:17,049 INFO  [AndroMDA:spring] Output: 'file:/home/mwkunkel/PROJECTS/CURRENT/dtp_pptp/uml/pptp/mda/../core/target/src/main/java/mwk/pptp/SearchParameter.java'
2013-07-27 08:57:17,049 INFO  [org.andromda.core.cartridge.Cartridge] Processing templates/spring/hibernate/search/Search.java.vsl with 22 metafacades from 1 model elements
2013-07-27 08:57:17,055 INFO  [AndroMDA:spring] Output: 'file:/home/mwkunkel/PROJECTS/CURRENT/dtp_pptp/uml/pptp/mda/../core/target/src/main/java/mwk/pptp/Search.java'
2013-07-27 08:57:17,055 INFO  [org.andromda.core.cartridge.Cartridge] Processing templates/spring/hibernate/search/PropertySearch.java.vsl with 22 metafacades from 1 model elements
2013-07-27 08:57:17,068 INFO  [AndroMDA:spring] Output: 'file:/home/mwkunkel/PROJECTS/CURRENT/dtp_pptp/uml/pptp/mda/../core/target/src/main/java/mwk/pptp/PropertySearch.java'
2013-07-27 08:57:17,070 INFO  [AndroMDA:spring] Output: 'file:/home/mwkunkel/PROJECTS/CURRENT/dtp_pptp/uml/pptp/mda/../core/target/src/main/java/org/andromda/spring/PaginationResult.java'
2013-07-27 08:57:17,071 INFO  [org.andromda.core.cartridge.Cartridge] Processing templates/spring/hibernate/HibernateSearch.vsl with 22 metafacades from 1 model elements
2013-07-27 08:57:17,109 INFO  [AndroMDA:spring] Output: 'file:/home/mwkunkel/PROJECTS/CURRENT/dtp_pptp/uml/pptp/mda/../core/target/src/main/java/mwk/pptp/CriteriaSearch.java'
2013-07-27 08:57:17,109 INFO  [org.andromda.core.cartridge.Cartridge] Processing templates/spring/hibernate/HibernateSearchProperties.vsl with 22 metafacades from 1 model elements
2013-07-27 08:57:17,200 INFO  [AndroMDA:spring] Output: 'file:/home/mwkunkel/PROJECTS/CURRENT/dtp_pptp/uml/pptp/mda/../core/target/src/main/java/mwk/pptp/CriteriaSearchProperties.java'
2013-07-27 08:57:17,200 INFO  [org.andromda.core.cartridge.Cartridge] Processing templates/spring/hibernate/HibernateSearchConfiguration.vsl with 22 metafacades from 1 model elements
2013-07-27 08:57:17,203 INFO  [AndroMDA:spring] Output: 'file:/home/mwkunkel/PROJECTS/CURRENT/dtp_pptp/uml/pptp/mda/../core/target/src/main/java/mwk/pptp/CriteriaSearchConfiguration.java'
2013-07-27 08:57:17,204 INFO  [org.andromda.core.cartridge.Cartridge] Processing templates/spring/hibernate/HibernateSearchParameter.vsl with 22 metafacades from 1 model elements
2013-07-27 08:57:17,211 INFO  [AndroMDA:spring] Output: 'file:/home/mwkunkel/PROJECTS/CURRENT/dtp_pptp/uml/pptp/mda/../core/target/src/main/java/mwk/pptp/CriteriaSearchParameter.java'
2013-07-27 08:57:17,211 INFO  [org.andromda.core.cartridge.Cartridge] Processing templates/spring/hibernate/SearchCriteria.vsl with 0 metafacades from 1 model elements
2013-07-27 08:57:17,212 INFO  [org.andromda.core.cartridge.Cartridge] Processing templates/spring/presentation/hibernate/OpenSessionInViewFilter.java.vsl with 22 metafacades from 1 model elements
2013-07-27 08:57:17,214 WARN  [org.andromda.core.cartridge.Cartridge] Template outlet location 'open-session-in-view' is not defined in namespace spring
2013-07-27 08:57:17,218 INFO  [AndroMDA:spring] Output: 'file:/home/mwkunkel/PROJECTS/CURRENT/dtp_pptp/uml/pptp/mda/../core/target/src/main/java/mwk/pptp/BeanLocator.java'
2013-07-27 08:57:17,219 WARN  [org.andromda.core.cartridge.Cartridge] Template outlet location 'remoting-war-support' is not defined in namespace spring
2013-07-27 08:57:17,221 WARN  [org.andromda.core.cartridge.Cartridge] Template outlet location 'remoting-war-support' is not defined in namespace spring
2013-07-27 08:57:17,222 INFO  [org.andromda.core.cartridge.Cartridge] Processing templates/spring/remoting/SpringRemotingWarMergeMappings.xml.vsl with 0 metafacades from 1 model elements
2013-07-27 08:57:17,222 INFO  [org.andromda.core.cartridge.Cartridge] Processing templates/spring/remoting/client/AuthenticatingHttpInvokerRequestExecutor.java.vsl with 0 metafacades from 1 model elements
2013-07-27 08:57:17,224 INFO  [org.andromda.core.cartridge.Cartridge] Processing templates/spring/jms/applicationContext-jms.xml.vsl with 0 metafacades from 4 model elements
2013-07-27 08:57:17,225 INFO  [org.andromda.core.cartridge.Cartridge] Processing templates/spring/jms/MessageListener.java.vsl with 0 metafacades from 1 model elements
2013-07-27 08:57:17,226 INFO  [org.andromda.core.cartridge.Cartridge] Processing templates/spring/crud/applicationContext-manageable.xml.vsl with 0 metafacades from 1 model elements
2013-07-27 08:57:17,226 INFO  [org.andromda.core.cartridge.Cartridge] Processing templates/spring/crud/SpringCrudServiceLocator.vsl with 0 metafacades from 1 model elements
2013-07-27 08:57:17,227 INFO  [org.andromda.core.cartridge.Cartridge] Processing templates/spring/crud/SpringCrudService.vsl with 0 metafacades from 1 model elements
2013-07-27 08:57:17,227 INFO  [org.andromda.core.cartridge.Cartridge] Processing templates/spring/crud/SpringCrudServiceBase.vsl with 0 metafacades from 1 model elements
2013-07-27 08:57:17,228 INFO  [org.andromda.core.cartridge.Cartridge] Processing templates/spring/crud/SpringCrudDao.vsl with 0 metafacades from 1 model elements
2013-07-27 08:57:17,229 INFO  [org.andromda.core.cartridge.Cartridge] Processing templates/spring/crud/SpringCrudDaoBase.vsl with 0 metafacades from 1 model elements
2013-07-27 08:57:17,229 INFO  [org.andromda.core.cartridge.Cartridge] Processing templates/spring/crud/SpringCrudValueObject.vsl with 0 metafacades from 1 model elements
2013-07-27 08:57:17,271 INFO  [AndroMDA] Processing cartridge hibernate on model /home/mwkunkel/PROJECTS/CURRENT/dtp_pptp/uml/pptp/mda/src/main/uml/pptp.uml
2013-07-27 08:57:17,271 INFO  [org.andromda.core.cartridge.Cartridge] Processing templates/hibernate/HibernateEntity.vsl with 22 metafacades from 1 model elements
2013-07-27 08:57:17,329 INFO  [AndroMDA:hibernate] Output: 'file:/home/mwkunkel/PROJECTS/CURRENT/dtp_pptp/uml/pptp/mda/../core/target/src/main/java/mwk/pptp/androdomain/CompoundType.java'
2013-07-27 08:57:17,358 INFO  [AndroMDA:hibernate] Output: 'file:/home/mwkunkel/PROJECTS/CURRENT/dtp_pptp/uml/pptp/mda/../core/target/src/main/java/mwk/pptp/androdomain/CellLineMaster.java'
2013-07-27 08:57:17,403 INFO  [AndroMDA:hibernate] Output: 'file:/home/mwkunkel/PROJECTS/CURRENT/dtp_pptp/uml/pptp/mda/../core/target/src/main/java/mwk/pptp/androdomain/AffyIdentifierType.java'
2013-07-27 08:57:17,520 INFO  [AndroMDA:hibernate] Output: 'file:/home/mwkunkel/PROJECTS/CURRENT/dtp_pptp/uml/pptp/mda/../core/target/src/main/java/mwk/pptp/androdomain/MouseCrosstab.java'
2013-07-27 08:57:17,996 INFO  [AndroMDA:hibernate] Output: 'file:/home/mwkunkel/PROJECTS/CURRENT/dtp_pptp/uml/pptp/mda/../core/target/src/main/java/mwk/pptp/androdomain/Summary.java'
2013-07-27 08:57:18,032 INFO  [AndroMDA:hibernate] Output: 'file:/home/mwkunkel/PROJECTS/CURRENT/dtp_pptp/uml/pptp/mda/../core/target/src/main/java/mwk/pptp/androdomain/PanelType.java'
2013-07-27 08:57:18,059 INFO  [AndroMDA:hibernate] Output: 'file:/home/mwkunkel/PROJECTS/CURRENT/dtp_pptp/uml/pptp/mda/../core/target/src/main/java/mwk/pptp/androdomain/ScheduleType.java'
2013-07-27 08:57:18,088 INFO  [AndroMDA:hibernate] Output: 'file:/home/mwkunkel/PROJECTS/CURRENT/dtp_pptp/uml/pptp/mda/../core/target/src/main/java/mwk/pptp/androdomain/ImplantSiteType.java'
2013-07-27 08:57:18,144 INFO  [AndroMDA:hibernate] Output: 'file:/home/mwkunkel/PROJECTS/CURRENT/dtp_pptp/uml/pptp/mda/../core/target/src/main/java/mwk/pptp/androdomain/CompoundMaster.java'
2013-07-27 08:57:18,204 INFO  [AndroMDA:hibernate] Output: 'file:/home/mwkunkel/PROJECTS/CURRENT/dtp_pptp/uml/pptp/mda/../core/target/src/main/java/mwk/pptp/androdomain/MouseGroup.java'
2013-07-27 08:57:18,417 INFO  [AndroMDA:hibernate] Output: 'file:/home/mwkunkel/PROJECTS/CURRENT/dtp_pptp/uml/pptp/mda/../core/target/src/main/java/mwk/pptp/androdomain/CellLineType.java'
2013-07-27 08:57:18,447 INFO  [AndroMDA:hibernate] Output: 'file:/home/mwkunkel/PROJECTS/CURRENT/dtp_pptp/uml/pptp/mda/../core/target/src/main/java/mwk/pptp/androdomain/CellType.java'
2013-07-27 08:57:18,482 INFO  [AndroMDA:hibernate] Output: 'file:/home/mwkunkel/PROJECTS/CURRENT/dtp_pptp/uml/pptp/mda/../core/target/src/main/java/mwk/pptp/androdomain/Mouse.java'
2013-07-27 08:57:18,505 INFO  [AndroMDA:hibernate] Output: 'file:/home/mwkunkel/PROJECTS/CURRENT/dtp_pptp/uml/pptp/mda/../core/target/src/main/java/mwk/pptp/androdomain/VehicleType.java'
2013-07-27 08:57:18,536 INFO  [AndroMDA:hibernate] Output: 'file:/home/mwkunkel/PROJECTS/CURRENT/dtp_pptp/uml/pptp/mda/../core/target/src/main/java/mwk/pptp/androdomain/RetestType.java'
2013-07-27 08:57:18,571 INFO  [AndroMDA:hibernate] Output: 'file:/home/mwkunkel/PROJECTS/CURRENT/dtp_pptp/uml/pptp/mda/../core/target/src/main/java/mwk/pptp/androdomain/GroupRoleType.java'
2013-07-27 08:57:18,628 INFO  [AndroMDA:hibernate] Output: 'file:/home/mwkunkel/PROJECTS/CURRENT/dtp_pptp/uml/pptp/mda/../core/target/src/main/java/mwk/pptp/androdomain/MouseType.java'
2013-07-27 08:57:18,653 INFO  [AndroMDA:hibernate] Output: 'file:/home/mwkunkel/PROJECTS/CURRENT/dtp_pptp/uml/pptp/mda/../core/target/src/main/java/mwk/pptp/androdomain/TreatmentRouteType.java'
2013-07-27 08:57:18,874 INFO  [AndroMDA:hibernate] Output: 'file:/home/mwkunkel/PROJECTS/CURRENT/dtp_pptp/uml/pptp/mda/../core/target/src/main/java/mwk/pptp/androdomain/CellLineGroup.java'
2013-07-27 08:57:18,907 INFO  [AndroMDA:hibernate] Output: 'file:/home/mwkunkel/PROJECTS/CURRENT/dtp_pptp/uml/pptp/mda/../core/target/src/main/java/mwk/pptp/androdomain/MtdStudy.java'
2013-07-27 08:57:18,932 INFO  [AndroMDA:hibernate] Output: 'file:/home/mwkunkel/PROJECTS/CURRENT/dtp_pptp/uml/pptp/mda/../core/target/src/main/java/mwk/pptp/androdomain/ConcentrationUnitType.java'
2013-07-27 08:57:19,001 INFO  [AndroMDA:hibernate] Output: 'file:/home/mwkunkel/PROJECTS/CURRENT/dtp_pptp/uml/pptp/mda/../core/target/src/main/java/mwk/pptp/androdomain/AffyData.java'
2013-07-27 08:57:19,002 INFO  [org.andromda.core.cartridge.Cartridge] Processing templates/hibernate/HibernateEntityImpl.vsl with 22 metafacades from 1 model elements
2013-07-27 08:57:19,004 INFO  [AndroMDA:hibernate] Output: 'file:/home/mwkunkel/PROJECTS/CURRENT/dtp_pptp/uml/pptp/mda/../core/target/src/main/java/mwk/pptp/androdomain/CompoundTypeImpl.java'
2013-07-27 08:57:19,004 INFO  [AndroMDA:hibernate] Output: 'file:/home/mwkunkel/PROJECTS/CURRENT/dtp_pptp/uml/pptp/mda/../core/target/src/main/java/mwk/pptp/androdomain/CellLineMasterImpl.java'
2013-07-27 08:57:19,005 INFO  [AndroMDA:hibernate] Output: 'file:/home/mwkunkel/PROJECTS/CURRENT/dtp_pptp/uml/pptp/mda/../core/target/src/main/java/mwk/pptp/androdomain/AffyIdentifierTypeImpl.java'
2013-07-27 08:57:19,005 INFO  [AndroMDA:hibernate] Output: 'file:/home/mwkunkel/PROJECTS/CURRENT/dtp_pptp/uml/pptp/mda/../core/target/src/main/java/mwk/pptp/androdomain/MouseCrosstabImpl.java'
2013-07-27 08:57:19,005 INFO  [AndroMDA:hibernate] Output: 'file:/home/mwkunkel/PROJECTS/CURRENT/dtp_pptp/uml/pptp/mda/../core/target/src/main/java/mwk/pptp/androdomain/SummaryImpl.java'
2013-07-27 08:57:19,006 INFO  [AndroMDA:hibernate] Output: 'file:/home/mwkunkel/PROJECTS/CURRENT/dtp_pptp/uml/pptp/mda/../core/target/src/main/java/mwk/pptp/androdomain/PanelTypeImpl.java'
2013-07-27 08:57:19,007 INFO  [AndroMDA:hibernate] Output: 'file:/home/mwkunkel/PROJECTS/CURRENT/dtp_pptp/uml/pptp/mda/../core/target/src/main/java/mwk/pptp/androdomain/ScheduleTypeImpl.java'
2013-07-27 08:57:19,007 INFO  [AndroMDA:hibernate] Output: 'file:/home/mwkunkel/PROJECTS/CURRENT/dtp_pptp/uml/pptp/mda/../core/target/src/main/java/mwk/pptp/androdomain/ImplantSiteTypeImpl.java'
2013-07-27 08:57:19,008 INFO  [AndroMDA:hibernate] Output: 'file:/home/mwkunkel/PROJECTS/CURRENT/dtp_pptp/uml/pptp/mda/../core/target/src/main/java/mwk/pptp/androdomain/CompoundMasterImpl.java'
2013-07-27 08:57:19,008 INFO  [AndroMDA:hibernate] Output: 'file:/home/mwkunkel/PROJECTS/CURRENT/dtp_pptp/uml/pptp/mda/../core/target/src/main/java/mwk/pptp/androdomain/MouseGroupImpl.java'
2013-07-27 08:57:19,009 INFO  [AndroMDA:hibernate] Output: 'file:/home/mwkunkel/PROJECTS/CURRENT/dtp_pptp/uml/pptp/mda/../core/target/src/main/java/mwk/pptp/androdomain/CellLineTypeImpl.java'
2013-07-27 08:57:19,009 INFO  [AndroMDA:hibernate] Output: 'file:/home/mwkunkel/PROJECTS/CURRENT/dtp_pptp/uml/pptp/mda/../core/target/src/main/java/mwk/pptp/androdomain/CellTypeImpl.java'
2013-07-27 08:57:19,010 INFO  [AndroMDA:hibernate] Output: 'file:/home/mwkunkel/PROJECTS/CURRENT/dtp_pptp/uml/pptp/mda/../core/target/src/main/java/mwk/pptp/androdomain/MouseImpl.java'
2013-07-27 08:57:19,010 INFO  [AndroMDA:hibernate] Output: 'file:/home/mwkunkel/PROJECTS/CURRENT/dtp_pptp/uml/pptp/mda/../core/target/src/main/java/mwk/pptp/androdomain/VehicleTypeImpl.java'
2013-07-27 08:57:19,010 INFO  [AndroMDA:hibernate] Output: 'file:/home/mwkunkel/PROJECTS/CURRENT/dtp_pptp/uml/pptp/mda/../core/target/src/main/java/mwk/pptp/androdomain/RetestTypeImpl.java'
2013-07-27 08:57:19,011 INFO  [AndroMDA:hibernate] Output: 'file:/home/mwkunkel/PROJECTS/CURRENT/dtp_pptp/uml/pptp/mda/../core/target/src/main/java/mwk/pptp/androdomain/GroupRoleTypeImpl.java'
2013-07-27 08:57:19,011 INFO  [AndroMDA:hibernate] Output: 'file:/home/mwkunkel/PROJECTS/CURRENT/dtp_pptp/uml/pptp/mda/../core/target/src/main/java/mwk/pptp/androdomain/MouseTypeImpl.java'
2013-07-27 08:57:19,012 INFO  [AndroMDA:hibernate] Output: 'file:/home/mwkunkel/PROJECTS/CURRENT/dtp_pptp/uml/pptp/mda/../core/target/src/main/java/mwk/pptp/androdomain/TreatmentRouteTypeImpl.java'
2013-07-27 08:57:19,012 INFO  [AndroMDA:hibernate] Output: 'file:/home/mwkunkel/PROJECTS/CURRENT/dtp_pptp/uml/pptp/mda/../core/target/src/main/java/mwk/pptp/androdomain/CellLineGroupImpl.java'
2013-07-27 08:57:19,013 INFO  [AndroMDA:hibernate] Output: 'file:/home/mwkunkel/PROJECTS/CURRENT/dtp_pptp/uml/pptp/mda/../core/target/src/main/java/mwk/pptp/androdomain/MtdStudyImpl.java'
2013-07-27 08:57:19,013 INFO  [AndroMDA:hibernate] Output: 'file:/home/mwkunkel/PROJECTS/CURRENT/dtp_pptp/uml/pptp/mda/../core/target/src/main/java/mwk/pptp/androdomain/ConcentrationUnitTypeImpl.java'
2013-07-27 08:57:19,014 INFO  [AndroMDA:hibernate] Output: 'file:/home/mwkunkel/PROJECTS/CURRENT/dtp_pptp/uml/pptp/mda/../core/target/src/main/java/mwk/pptp/androdomain/AffyDataImpl.java'
2013-07-27 08:57:19,014 INFO  [org.andromda.core.cartridge.Cartridge] Processing templates/hibernate/HibernateEntityImpl.vsl with 0 metafacades from 1 model elements
2013-07-27 08:57:19,043 INFO  [org.andromda.core.cartridge.Cartridge] Processing templates/hibernate/HibernateEntityPK.vsl with 0 metafacades from 1 model elements
2013-07-27 08:57:19,043 INFO  [org.andromda.core.cartridge.Cartridge] Processing templates/hibernate/HibernateEmbeddedValue.vsl with 0 metafacades from 1 model elements
2013-07-27 08:57:19,044 INFO  [org.andromda.core.cartridge.Cartridge] Processing templates/hibernate/HibernateEmbeddedValueImpl.vsl with 0 metafacades from 1 model elements
2013-07-27 08:57:19,048 INFO  [AndroMDA:hibernate] Output: 'file:/home/mwkunkel/PROJECTS/CURRENT/dtp_pptp/uml/pptp/mda/../core/target/src/main/java/org/andromda/persistence/hibernate/usertypes/HibernateByteBlobType.java'
2013-07-27 08:57:19,052 INFO  [AndroMDA:hibernate] Output: 'file:/home/mwkunkel/PROJECTS/CURRENT/dtp_pptp/uml/pptp/mda/../core/target/src/main/java/org/andromda/persistence/hibernate/usertypes/HibernateStringClobType.java'
2013-07-27 08:57:19,052 INFO  [org.andromda.core.cartridge.Cartridge] Processing templates/hibernate/ejb/ejb-jar.xml.vsl with 0 metafacades from 1 model elements
2013-07-27 08:57:19,053 INFO  [org.andromda.core.cartridge.Cartridge] Processing templates/hibernate/ejb/jboss.xml.vsl with 0 metafacades from 1 model elements
2013-07-27 08:57:19,053 INFO  [org.andromda.core.cartridge.Cartridge] Processing templates/hibernate/ejb/HibernateSessionEJBLocator.vsl with 0 metafacades from 1 model elements
2013-07-27 08:57:19,054 INFO  [org.andromda.core.cartridge.Cartridge] Processing templates/hibernate/ejb/HibernateSessionBean.vsl with 0 metafacades from 1 model elements
2013-07-27 08:57:19,054 INFO  [org.andromda.core.cartridge.Cartridge] Processing templates/hibernate/ejb/HibernateSessionBeanImpl.vsl with 0 metafacades from 1 model elements
2013-07-27 08:57:19,054 INFO  [org.andromda.core.cartridge.Cartridge] Processing templates/hibernate/ejb/HibernateSession.vsl with 0 metafacades from 1 model elements
2013-07-27 08:57:19,055 INFO  [org.andromda.core.cartridge.Cartridge] Processing templates/hibernate/ejb/HibernateSessionHome.vsl with 0 metafacades from 1 model elements
2013-07-27 08:57:19,055 WARN  [org.andromda.core.cartridge.Cartridge] Template outlet location 'session-beans' is not defined in namespace hibernate
2013-07-27 08:57:19,056 INFO  [org.andromda.core.cartridge.Cartridge] Processing templates/hibernate/ehcache.xml.vsl with 22 metafacades from 1 model elements
2013-07-27 08:57:19,057 INFO  [AndroMDA:hibernate] Output: 'file:/home/mwkunkel/PROJECTS/CURRENT/dtp_pptp/uml/pptp/mda/../core/target/src/main/java/ehcache.xml'
2013-07-27 08:57:19,057 INFO  [org.andromda.core.cartridge.Cartridge] Processing templates/hibernate3/ejb/HibernateEntityFactory.vsl with 22 metafacades from 1 model elements
2013-07-27 08:57:19,061 WARN  [org.andromda.core.cartridge.Cartridge] Template outlet location 'session-beans' is not defined in namespace hibernate
2013-07-27 08:57:19,063 WARN  [org.andromda.core.cartridge.Cartridge] Template outlet location 'session-beans' is not defined in namespace hibernate
2013-07-27 08:57:19,065 WARN  [org.andromda.core.cartridge.Cartridge] Template outlet location 'session-beans' is not defined in namespace hibernate
2013-07-27 08:57:19,070 WARN  [org.andromda.core.cartridge.Cartridge] Template outlet location 'session-beans' is not defined in namespace hibernate
2013-07-27 08:57:19,081 WARN  [org.andromda.core.cartridge.Cartridge] Template outlet location 'session-beans' is not defined in namespace hibernate
2013-07-27 08:57:19,083 WARN  [org.andromda.core.cartridge.Cartridge] Template outlet location 'session-beans' is not defined in namespace hibernate
2013-07-27 08:57:19,085 WARN  [org.andromda.core.cartridge.Cartridge] Template outlet location 'session-beans' is not defined in namespace hibernate
2013-07-27 08:57:19,087 WARN  [org.andromda.core.cartridge.Cartridge] Template outlet location 'session-beans' is not defined in namespace hibernate
2013-07-27 08:57:19,090 WARN  [org.andromda.core.cartridge.Cartridge] Template outlet location 'session-beans' is not defined in namespace hibernate
2013-07-27 08:57:19,093 WARN  [org.andromda.core.cartridge.Cartridge] Template outlet location 'session-beans' is not defined in namespace hibernate
2013-07-27 08:57:19,099 WARN  [org.andromda.core.cartridge.Cartridge] Template outlet location 'session-beans' is not defined in namespace hibernate
2013-07-27 08:57:19,100 WARN  [org.andromda.core.cartridge.Cartridge] Template outlet location 'session-beans' is not defined in namespace hibernate
2013-07-27 08:57:19,103 WARN  [org.andromda.core.cartridge.Cartridge] Template outlet location 'session-beans' is not defined in namespace hibernate
2013-07-27 08:57:19,104 WARN  [org.andromda.core.cartridge.Cartridge] Template outlet location 'session-beans' is not defined in namespace hibernate
2013-07-27 08:57:19,107 WARN  [org.andromda.core.cartridge.Cartridge] Template outlet location 'session-beans' is not defined in namespace hibernate
2013-07-27 08:57:19,110 WARN  [org.andromda.core.cartridge.Cartridge] Template outlet location 'session-beans' is not defined in namespace hibernate
2013-07-27 08:57:19,112 WARN  [org.andromda.core.cartridge.Cartridge] Template outlet location 'session-beans' is not defined in namespace hibernate
2013-07-27 08:57:19,114 WARN  [org.andromda.core.cartridge.Cartridge] Template outlet location 'session-beans' is not defined in namespace hibernate
2013-07-27 08:57:19,118 WARN  [org.andromda.core.cartridge.Cartridge] Template outlet location 'session-beans' is not defined in namespace hibernate
2013-07-27 08:57:19,119 WARN  [org.andromda.core.cartridge.Cartridge] Template outlet location 'session-beans' is not defined in namespace hibernate
2013-07-27 08:57:19,121 WARN  [org.andromda.core.cartridge.Cartridge] Template outlet location 'session-beans' is not defined in namespace hibernate
2013-07-27 08:57:19,124 WARN  [org.andromda.core.cartridge.Cartridge] Template outlet location 'session-beans' is not defined in namespace hibernate
2013-07-27 08:57:19,125 INFO  [org.andromda.core.cartridge.Cartridge] Processing templates/hibernate/persistence.xml.vsl with 22 metafacades from 1 model elements
2013-07-27 08:57:19,127 WARN  [org.andromda.core.cartridge.Cartridge] Template outlet location 'configuration' is not defined in namespace hibernate
2013-07-27 08:57:19,127 INFO  [org.andromda.core.cartridge.Cartridge] Processing templates/hibernate3/hibernate.cfg.xml.vsl with 22 metafacades from 1 model elements
2013-07-27 08:57:19,130 WARN  [org.andromda.core.cartridge.Cartridge] Template outlet location 'configuration' is not defined in namespace hibernate
2013-07-27 08:57:19,131 INFO  [org.andromda.core.cartridge.Cartridge] Processing templates/hibernate/test/persistence-test.xml.vsl with 22 metafacades from 1 model elements
2013-07-27 08:57:19,133 WARN  [org.andromda.core.cartridge.Cartridge] Template outlet location 'test-configuration' is not defined in namespace hibernate
2013-07-27 08:57:19,134 INFO  [org.andromda.core.cartridge.Cartridge] Processing templates/hibernate/test/hibernate-test.cfg.xml.vsl with 22 metafacades from 1 model elements
2013-07-27 08:57:19,136 WARN  [org.andromda.core.cartridge.Cartridge] Template outlet location 'test-configuration' is not defined in namespace hibernate
2013-07-27 08:57:19,137 INFO  [org.andromda.core.cartridge.Cartridge] Processing templates/hibernate3/hibernate.hbm.xml.vsl with 22 metafacades from 1 model elements
2013-07-27 08:57:19,156 INFO  [AndroMDA:hibernate] Output: 'file:/home/mwkunkel/PROJECTS/CURRENT/dtp_pptp/uml/pptp/mda/../core/target/src/main/java/mwk/pptp/androdomain/CompoundType.hbm.xml'
2013-07-27 08:57:19,173 INFO  [AndroMDA:hibernate] Output: 'file:/home/mwkunkel/PROJECTS/CURRENT/dtp_pptp/uml/pptp/mda/../core/target/src/main/java/mwk/pptp/androdomain/CellLineMaster.hbm.xml'
2013-07-27 08:57:19,190 INFO  [AndroMDA:hibernate] Output: 'file:/home/mwkunkel/PROJECTS/CURRENT/dtp_pptp/uml/pptp/mda/../core/target/src/main/java/mwk/pptp/androdomain/AffyIdentifierType.hbm.xml'
2013-07-27 08:57:19,209 INFO  [AndroMDA:hibernate] Output: 'file:/home/mwkunkel/PROJECTS/CURRENT/dtp_pptp/uml/pptp/mda/../core/target/src/main/java/mwk/pptp/androdomain/MouseCrosstab.hbm.xml'
2013-07-27 08:57:19,241 INFO  [AndroMDA:hibernate] Output: 'file:/home/mwkunkel/PROJECTS/CURRENT/dtp_pptp/uml/pptp/mda/../core/target/src/main/java/mwk/pptp/androdomain/Summary.hbm.xml'
2013-07-27 08:57:19,253 INFO  [AndroMDA:hibernate] Output: 'file:/home/mwkunkel/PROJECTS/CURRENT/dtp_pptp/uml/pptp/mda/../core/target/src/main/java/mwk/pptp/androdomain/PanelType.hbm.xml'
2013-07-27 08:57:19,264 INFO  [AndroMDA:hibernate] Output: 'file:/home/mwkunkel/PROJECTS/CURRENT/dtp_pptp/uml/pptp/mda/../core/target/src/main/java/mwk/pptp/androdomain/ScheduleType.hbm.xml'
2013-07-27 08:57:19,275 INFO  [AndroMDA:hibernate] Output: 'file:/home/mwkunkel/PROJECTS/CURRENT/dtp_pptp/uml/pptp/mda/../core/target/src/main/java/mwk/pptp/androdomain/ImplantSiteType.hbm.xml'
2013-07-27 08:57:19,285 INFO  [AndroMDA:hibernate] Output: 'file:/home/mwkunkel/PROJECTS/CURRENT/dtp_pptp/uml/pptp/mda/../core/target/src/main/java/mwk/pptp/androdomain/CompoundMaster.hbm.xml'
2013-07-27 08:57:19,308 INFO  [AndroMDA:hibernate] Output: 'file:/home/mwkunkel/PROJECTS/CURRENT/dtp_pptp/uml/pptp/mda/../core/target/src/main/java/mwk/pptp/androdomain/MouseGroup.hbm.xml'
2013-07-27 08:57:19,339 INFO  [AndroMDA:hibernate] Output: 'file:/home/mwkunkel/PROJECTS/CURRENT/dtp_pptp/uml/pptp/mda/../core/target/src/main/java/mwk/pptp/androdomain/CellLineType.hbm.xml'
2013-07-27 08:57:19,354 INFO  [AndroMDA:hibernate] Output: 'file:/home/mwkunkel/PROJECTS/CURRENT/dtp_pptp/uml/pptp/mda/../core/target/src/main/java/mwk/pptp/androdomain/CellType.hbm.xml'
2013-07-27 08:57:19,367 INFO  [AndroMDA:hibernate] Output: 'file:/home/mwkunkel/PROJECTS/CURRENT/dtp_pptp/uml/pptp/mda/../core/target/src/main/java/mwk/pptp/androdomain/Mouse.hbm.xml'
2013-07-27 08:57:19,377 INFO  [AndroMDA:hibernate] Output: 'file:/home/mwkunkel/PROJECTS/CURRENT/dtp_pptp/uml/pptp/mda/../core/target/src/main/java/mwk/pptp/androdomain/VehicleType.hbm.xml'
2013-07-27 08:57:19,386 INFO  [AndroMDA:hibernate] Output: 'file:/home/mwkunkel/PROJECTS/CURRENT/dtp_pptp/uml/pptp/mda/../core/target/src/main/java/mwk/pptp/androdomain/RetestType.hbm.xml'
2013-07-27 08:57:19,409 INFO  [AndroMDA:hibernate] Output: 'file:/home/mwkunkel/PROJECTS/CURRENT/dtp_pptp/uml/pptp/mda/../core/target/src/main/java/mwk/pptp/androdomain/GroupRoleType.hbm.xml'
2013-07-27 08:57:19,426 INFO  [AndroMDA:hibernate] Output: 'file:/home/mwkunkel/PROJECTS/CURRENT/dtp_pptp/uml/pptp/mda/../core/target/src/main/java/mwk/pptp/androdomain/MouseType.hbm.xml'
2013-07-27 08:57:19,437 INFO  [AndroMDA:hibernate] Output: 'file:/home/mwkunkel/PROJECTS/CURRENT/dtp_pptp/uml/pptp/mda/../core/target/src/main/java/mwk/pptp/androdomain/TreatmentRouteType.hbm.xml'
2013-07-27 08:57:19,495 INFO  [AndroMDA:hibernate] Output: 'file:/home/mwkunkel/PROJECTS/CURRENT/dtp_pptp/uml/pptp/mda/../core/target/src/main/java/mwk/pptp/androdomain/CellLineGroup.hbm.xml'
2013-07-27 08:57:19,506 INFO  [AndroMDA:hibernate] Output: 'file:/home/mwkunkel/PROJECTS/CURRENT/dtp_pptp/uml/pptp/mda/../core/target/src/main/java/mwk/pptp/androdomain/MtdStudy.hbm.xml'
2013-07-27 08:57:19,516 INFO  [AndroMDA:hibernate] Output: 'file:/home/mwkunkel/PROJECTS/CURRENT/dtp_pptp/uml/pptp/mda/../core/target/src/main/java/mwk/pptp/androdomain/ConcentrationUnitType.hbm.xml'
2013-07-27 08:57:19,532 INFO  [AndroMDA:hibernate] Output: 'file:/home/mwkunkel/PROJECTS/CURRENT/dtp_pptp/uml/pptp/mda/../core/target/src/main/java/mwk/pptp/androdomain/AffyData.hbm.xml'
2013-07-27 08:57:19,532 INFO  [org.andromda.core.cartridge.Cartridge] Processing templates/hibernate3/HibernateEnumeration.vsl with 0 metafacades from 1 model elements
2013-07-27 08:57:19,532 INFO  [org.andromda.core.cartridge.Cartridge] Processing templates/hibernate3/usertypes/HibernateEnumType.vsl with 0 metafacades from 1 model elements
2013-07-27 08:57:19,533 INFO  [org.andromda.core.cartridge.Cartridge] Processing templates/hibernate2/ejb/HibernateEntityFactory.vsl with 0 metafacades from 1 model elements
2013-07-27 08:57:19,534 INFO  [org.andromda.core.cartridge.Cartridge] Processing templates/hibernate2/hibernate.cfg.xml.vsl with 0 metafacades from 1 model elements
2013-07-27 08:57:19,534 INFO  [org.andromda.core.cartridge.Cartridge] Processing templates/hibernate2/hibernate.hbm.xml.vsl with 0 metafacades from 1 model elements
2013-07-27 08:57:19,535 INFO  [org.andromda.core.cartridge.Cartridge] Processing templates/hibernate2/HibernateEnumeration.vsl with 0 metafacades from 1 model elements
2013-07-27 08:57:19,537 INFO  [AndroMDA] Processing cartridge java on model /home/mwkunkel/PROJECTS/CURRENT/dtp_pptp/uml/pptp/mda/src/main/uml/pptp.uml
2013-07-27 08:57:19,538 INFO  [org.andromda.core.cartridge.Cartridge] Processing templates/java/Service.vsl with 0 metafacades from 1 model elements
2013-07-27 08:57:19,538 INFO  [org.andromda.core.cartridge.Cartridge] Processing templates/java/ServiceImpl.vsl with 0 metafacades from 1 model elements
2013-07-27 08:57:19,539 INFO  [org.andromda.core.cartridge.Cartridge] Processing templates/java/ServiceImpl.vsl with 0 metafacades from 1 model elements
2013-07-27 08:57:19,540 INFO  [org.andromda.core.cartridge.Cartridge] Processing templates/java/ValueObject.vsl with 17 metafacades from 1 model elements
2013-07-27 08:57:19,620 INFO  [AndroMDA:java] Output: 'file:/home/mwkunkel/PROJECTS/CURRENT/dtp_pptp/uml/pptp/mda/../common/target/src/main/java/mwk/pptp/vo/SummaryVO.java'
2013-07-27 08:57:19,631 INFO  [AndroMDA:java] Output: 'file:/home/mwkunkel/PROJECTS/CURRENT/dtp_pptp/uml/pptp/mda/../common/target/src/main/java/mwk/pptp/vo/MouseVO.java'
2013-07-27 08:57:19,656 INFO  [AndroMDA:java] Output: 'file:/home/mwkunkel/PROJECTS/CURRENT/dtp_pptp/uml/pptp/mda/../common/target/src/main/java/mwk/pptp/vo/MouseCrosstabVO.java'
2013-07-27 08:57:19,666 INFO  [AndroMDA:java] Output: 'file:/home/mwkunkel/PROJECTS/CURRENT/dtp_pptp/uml/pptp/mda/../common/target/src/main/java/mwk/pptp/vo/MouseGroupWithMousesVO.java'
2013-07-27 08:57:19,683 INFO  [AndroMDA:java] Output: 'file:/home/mwkunkel/PROJECTS/CURRENT/dtp_pptp/uml/pptp/mda/../common/target/src/main/java/mwk/pptp/vo/CellLineGroupWithMouseGroupsWithMouseCrosstabVO.java'
2013-07-27 08:57:19,690 INFO  [AndroMDA:java] Output: 'file:/home/mwkunkel/PROJECTS/CURRENT/dtp_pptp/uml/pptp/mda/../common/target/src/main/java/mwk/pptp/vo/MouseGroupVO.java'
2013-07-27 08:57:19,735 INFO  [AndroMDA:java] Output: 'file:/home/mwkunkel/PROJECTS/CURRENT/dtp_pptp/uml/pptp/mda/../common/target/src/main/java/mwk/pptp/vo/MouseCrosstabShuttleVO.java'
2013-07-27 08:57:19,743 INFO  [AndroMDA:java] Output: 'file:/home/mwkunkel/PROJECTS/CURRENT/dtp_pptp/uml/pptp/mda/../common/target/src/main/java/mwk/pptp/vo/MouseGroupWithMouseCrosstabVO.java'
2013-07-27 08:57:19,823 INFO  [AndroMDA:java] Output: 'file:/home/mwkunkel/PROJECTS/CURRENT/dtp_pptp/uml/pptp/mda/../common/target/src/main/java/mwk/pptp/vo/SummaryShuttleVO.java'
2013-07-27 08:57:19,833 INFO  [AndroMDA:java] Output: 'file:/home/mwkunkel/PROJECTS/CURRENT/dtp_pptp/uml/pptp/mda/../common/target/src/main/java/mwk/pptp/vo/CellLineGroupWithSummariesVO.java'
2013-07-27 08:57:19,859 INFO  [AndroMDA:java] Output: 'file:/home/mwkunkel/PROJECTS/CURRENT/dtp_pptp/uml/pptp/mda/../common/target/src/main/java/mwk/pptp/vo/CellLineGroupVO.java'
2013-07-27 08:57:19,868 INFO  [AndroMDA:java] Output: 'file:/home/mwkunkel/PROJECTS/CURRENT/dtp_pptp/uml/pptp/mda/../common/target/src/main/java/mwk/pptp/vo/CellLineGroupWithMouseGroupsWithMousesVO.java'
2013-07-27 08:57:19,878 INFO  [AndroMDA:java] Output: 'file:/home/mwkunkel/PROJECTS/CURRENT/dtp_pptp/uml/pptp/mda/../common/target/src/main/java/mwk/pptp/vo/BackingListVO.java'
2013-07-27 08:57:19,890 INFO  [AndroMDA:java] Output: 'file:/home/mwkunkel/PROJECTS/CURRENT/dtp_pptp/uml/pptp/mda/../common/target/src/main/java/mwk/pptp/vo/MouseDataShuttleVO.java'
2013-07-27 08:57:19,922 INFO  [AndroMDA:java] Output: 'file:/home/mwkunkel/PROJECTS/CURRENT/dtp_pptp/uml/pptp/mda/../common/target/src/main/java/mwk/pptp/vo/MouseGraphShuttleVO.java'
2013-07-27 08:57:19,934 INFO  [AndroMDA:java] Output: 'file:/home/mwkunkel/PROJECTS/CURRENT/dtp_pptp/uml/pptp/mda/../common/target/src/main/java/mwk/pptp/vo/MouseRTVShuttleVO.java'
2013-07-27 08:57:19,943 INFO  [AndroMDA:java] Output: 'file:/home/mwkunkel/PROJECTS/CURRENT/dtp_pptp/uml/pptp/mda/../common/target/src/main/java/mwk/pptp/vo/MouseSurvivalShuttleVO.java'
2013-07-27 08:57:19,945 INFO  [org.andromda.core.cartridge.Cartridge] Processing templates/java/ApplicationException.vsl with 0 metafacades from 2 model elements
2013-07-27 08:57:19,945 INFO  [org.andromda.core.cartridge.Cartridge] Processing templates/java/UnexpectedException.vsl with 0 metafacades from 1 model elements
2013-07-27 08:57:19,946 INFO  [org.andromda.core.cartridge.Cartridge] Processing templates/java/Enumeration.vsl with 0 metafacades from 1 model elements
2013-07-27 08:57:19,946 INFO  [org.andromda.core.cartridge.Cartridge] Processing templates/java/TypeSafeEnumeration.vsl with 0 metafacades from 1 model elements
2013-07-27 08:57:19,947 INFO  [org.andromda.core.cartridge.Cartridge] Processing templates/java/Interface.vsl with 0 metafacades from 1 model elements
2013-07-27 08:57:19,948 INFO  [org.andromda.core.cartridge.Cartridge] Processing templates/java/InterfaceImpl.vsl with 0 metafacades from 1 model elements
2013-07-27 08:57:19,948 INFO  [AndroMDA] completed model processing --> TIME: 9.524[s], RESOURCES WRITTEN: 190
